[{
  "data": "[NbConvertApp] Converting notebook script.ipynb to html\n",
  "stream_name": "stderr",
  "time": 4.406027537996124
},{
  "data": "[NbConvertApp] Executing notebook with kernel: python3\n",
  "stream_name": "stderr",
  "time": 4.460955890994228
},{
  "data": "2018-12-13 08:04:16.543233: I tensorflow/stream_executor/cuda/cuda_gpu_executor.cc:964] successful NUMA node read from SysFS had negative value (-1), but there must be at least one NUMA node, so returning NUMA node zero\n",
  "stream_name": "stderr",
  "time": 16.826505398996233
},{
  "data": "2018-12-13 08:04:16.545760: I tensorflow/core/common_runtime/gpu/gpu_device.cc:1411] Found device 0 with properties: \nname: Tesla K80 major: 3 minor: 7 memoryClockRate(GHz): 0.8235\npciBusID: 0000:00:04.0\ntotalMemory: 11.17GiB freeMemory: 11.10GiB\n2018-12-13 08:04:16.545831: I tensorflow/core/common_runtime/gpu/gpu_device.cc:1490] Adding visible gpu devices: 0\n",
  "stream_name": "stderr",
  "time": 16.830635480000637
},{
  "data": "2018-12-13 08:04:16.867975: I tensorflow/core/common_runtime/gpu/gpu_device.cc:971] Device interconnect StreamExecutor with strength 1 edge matrix:\n2018-12-13 08:04:16.868031: I tensorflow/core/common_runtime/gpu/gpu_device.cc:977]      0 \n2018-12-13 08:04:16.868055: I tensorflow/core/common_runtime/gpu/gpu_device.cc:990] 0:   N \n",
  "stream_name": "stderr",
  "time": 17.151550709997537
},{
  "data": "2018-12-13 08:04:16.868517: I tensorflow/core/common_runtime/gpu/gpu_device.cc:1103] Created TensorFlow device (/job:localhost/replica:0/task:0/device:GPU:0 with 10758 MB memory) -> physical GPU (device: 0, name: Tesla K80, pci bus id: 0000:00:04.0, compute capability: 3.7)\n",
  "stream_name": "stderr",
  "time": 17.15501866900013
},{
  "data": "[NbConvertApp] Support files will be in __results___files/\n",
  "stream_name": "stderr",
  "time": 2877.1199368909947
},{
  "data": "[NbConvertApp] Making directory __results___files\n[NbConvertApp] Making directory __results___files\n[NbConvertApp] Making directory __results___files\n[NbConvertApp] Making directory __results___files\n[NbConvertApp] Making directory __results___files\n[NbConvertApp] Making directory __results___files\n[NbConvertApp] Making directory __results___files\n[NbConvertApp] Making directory __results___files\n[NbConvertApp] Making directory __results___files\n[NbConvertApp] Making directory __results___files\n[NbConvertApp] Making directory __results___files\n[NbConvertApp] Making directory __results___files\n[NbConvertApp] Making directory __results___files\n",
  "stream_name": "stderr",
  "time": 2877.1239403059953
},{
  "data": "[NbConvertApp] Making directory __results___files\n[NbConvertApp] Making directory __results___files\n[NbConvertApp] Making directory __results___files\n[NbConvertApp] Making directory __results___files\n[NbConvertApp] Making directory __results___files\n[NbConvertApp] Making directory __results___files\n[NbConvertApp] Making directory __results___files\n[NbConvertApp] Making directory __results___files\n[NbConvertApp] Writing 358726 bytes to __results__.html\n",
  "stream_name": "stderr",
  "time": 2877.129667784997
}]